{"name":"beforeClass","status":"broken","statusDetails":{"known":false,"muted":false,"flaky":false,"message":"Could not start a new session. Possible causes are invalid address of the remote server or browser start-up failure.\nBuild info: version: '4.0.0', revision: '3a21814679'\nSystem info: host: 'DESKTOP-3BQS32E', ip: '192.168.0.101', os.name: 'Windows 10', os.arch: 'amd64', os.version: '10.0', java.version: '1.8.0_181'\nDriver info: org.openqa.selenium.remote.RemoteWebDriver\nCommand: [null, newSession {capabilities=[Capabilities {}], desiredCapabilities=Capabilities {}}]\nCapabilities {}","trace":"org.openqa.selenium.SessionNotCreatedException: Could not start a new session. Possible causes are invalid address of the remote server or browser start-up failure.\nBuild info: version: '4.0.0', revision: '3a21814679'\nSystem info: host: 'DESKTOP-3BQS32E', ip: '192.168.0.101', os.name: 'Windows 10', os.arch: 'amd64', os.version: '10.0', java.version: '1.8.0_181'\nDriver info: org.openqa.selenium.remote.RemoteWebDriver\nCommand: [null, newSession {capabilities=[Capabilities {}], desiredCapabilities=Capabilities {}}]\nCapabilities {}\r\n\tat org.openqa.selenium.remote.RemoteWebDriver.execute(RemoteWebDriver.java:577)\r\n\tat org.openqa.selenium.remote.RemoteWebDriver.startSession(RemoteWebDriver.java:246)\r\n\tat org.openqa.selenium.remote.RemoteWebDriver.<init>(RemoteWebDriver.java:168)\r\n\tat org.openqa.selenium.remote.RemoteWebDriver.<init>(RemoteWebDriver.java:146)\r\n\tat utils.Connection.setWebDriver(Connection.java:143)\r\n\tat utils.Connection.setWebDriver(Connection.java:125)\r\n\tat utils.Connection.startBrowser(Connection.java:49)\r\n\tat testscripts.BaseTestScript.beforeClass(BaseTestScript.java:95)\r\n\tat sun.reflect.NativeMethodAccessorImpl.invoke0(Native Method)\r\n\tat sun.reflect.NativeMethodAccessorImpl.invoke(NativeMethodAccessorImpl.java:62)\r\n\tat sun.reflect.DelegatingMethodAccessorImpl.invoke(DelegatingMethodAccessorImpl.java:43)\r\n\tat java.lang.reflect.Method.invoke(Method.java:498)\r\n\tat org.testng.internal.MethodInvocationHelper.invokeMethod(MethodInvocationHelper.java:86)\r\n\tat org.testng.internal.Invoker.invokeConfigurationMethod(Invoker.java:514)\r\n\tat org.testng.internal.Invoker.invokeConfigurations(Invoker.java:215)\r\n\tat org.testng.internal.Invoker.invokeConfigurations(Invoker.java:142)\r\n\tat org.testng.internal.TestMethodWorker.invokeBeforeClassMethods(TestMethodWorker.java:178)\r\n\tat org.testng.internal.TestMethodWorker.run(TestMethodWorker.java:108)\r\n\tat org.testng.TestRunner.privateRun(TestRunner.java:782)\r\n\tat org.testng.TestRunner.run(TestRunner.java:632)\r\n\tat org.testng.SuiteRunner.runTest(SuiteRunner.java:366)\r\n\tat org.testng.SuiteRunner.runSequentially(SuiteRunner.java:361)\r\n\tat org.testng.SuiteRunner.privateRun(SuiteRunner.java:319)\r\n\tat org.testng.SuiteRunner.run(SuiteRunner.java:268)\r\n\tat org.testng.SuiteRunnerWorker.runSuite(SuiteRunnerWorker.java:52)\r\n\tat org.testng.SuiteRunnerWorker.run(SuiteRunnerWorker.java:86)\r\n\tat org.testng.TestNG.runSuitesSequentially(TestNG.java:1244)\r\n\tat org.testng.TestNG.runSuitesLocally(TestNG.java:1169)\r\n\tat org.testng.TestNG.run(TestNG.java:1064)\r\n\tat com.intellij.rt.testng.IDEARemoteTestNG.run(IDEARemoteTestNG.java:66)\r\n\tat com.intellij.rt.testng.RemoteTestNGStarter.main(RemoteTestNGStarter.java:109)\r\nCaused by: java.lang.RuntimeException: NettyHttpHandler request execution error\r\n\tat org.openqa.selenium.remote.http.netty.NettyHttpHandler.makeCall(NettyHttpHandler.java:83)\r\n\tat org.openqa.selenium.remote.http.AddSeleniumUserAgent.lambda$apply$0(AddSeleniumUserAgent.java:42)\r\n\tat org.openqa.selenium.remote.http.Filter.lambda$andFinally$1(Filter.java:56)\r\n\tat org.openqa.selenium.remote.http.netty.NettyHttpHandler.execute(NettyHttpHandler.java:51)\r\n\tat org.openqa.selenium.remote.http.AddSeleniumUserAgent.lambda$apply$0(AddSeleniumUserAgent.java:42)\r\n\tat org.openqa.selenium.remote.http.Filter.lambda$andFinally$1(Filter.java:56)\r\n\tat org.openqa.selenium.remote.http.netty.NettyClient.execute(NettyClient.java:119)\r\n\tat org.openqa.selenium.remote.tracing.TracedHttpClient.execute(TracedHttpClient.java:55)\r\n\tat org.openqa.selenium.remote.ProtocolHandshake.createSession(ProtocolHandshake.java:102)\r\n\tat org.openqa.selenium.remote.ProtocolHandshake.createSession(ProtocolHandshake.java:84)\r\n\tat org.openqa.selenium.remote.ProtocolHandshake.createSession(ProtocolHandshake.java:62)\r\n\tat org.openqa.selenium.remote.HttpCommandExecutor.execute(HttpCommandExecutor.java:156)\r\n\tat org.openqa.selenium.remote.TracedCommandExecutor.execute(TracedCommandExecutor.java:39)\r\n\tat org.openqa.selenium.remote.RemoteWebDriver.execute(RemoteWebDriver.java:559)\r\n\t... 30 more\r\nCaused by: java.util.concurrent.ExecutionException: java.util.concurrent.TimeoutException: Request timeout to zalenium2.ck12.org/3.94.243.155:4444 after 180000 ms\r\n\tat java.util.concurrent.CompletableFuture.reportGet(CompletableFuture.java:357)\r\n\tat java.util.concurrent.CompletableFuture.get(CompletableFuture.java:1915)\r\n\tat org.asynchttpclient.netty.NettyResponseFuture.get(NettyResponseFuture.java:206)\r\n\tat org.openqa.selenium.remote.http.netty.NettyHttpHandler.makeCall(NettyHttpHandler.java:66)\r\n\t... 43 more\r\nCaused by: java.util.concurrent.TimeoutException: Request timeout to zalenium2.ck12.org/3.94.243.155:4444 after 180000 ms\r\n\tat org.asynchttpclient.netty.timeout.TimeoutTimerTask.expire(TimeoutTimerTask.java:43)\r\n\tat org.asynchttpclient.netty.timeout.RequestTimeoutTimerTask.run(RequestTimeoutTimerTask.java:50)\r\n\tat io.netty.util.HashedWheelTimer$HashedWheelTimeout.expire(HashedWheelTimer.java:669)\r\n\tat io.netty.util.HashedWheelTimer$HashedWheelBucket.expireTimeouts(HashedWheelTimer.java:744)\r\n\tat io.netty.util.HashedWheelTimer$Worker.run(HashedWheelTimer.java:469)\r\n\tat io.netty.util.concurrent.FastThreadLocalRunnable.run(FastThreadLocalRunnable.java:30)\r\n\tat java.lang.Thread.run(Thread.java:748)\r\n"},"stage":"finished","steps":[],"attachments":[],"parameters":[{"name":"browser","value":"null"},{"name":"URL","value":"null"}],"start":1644817989332,"stop":1644817989354,"uuid":"65d4521a-7082-4d6f-88dc-de0b23065cca","historyId":"cec0877da95c8346f97e2e8a12a673c4","fullName":"testscripts.BaseTestScript.beforeClass","labels":[{"name":"package","value":"testscripts.regression.teacherlogin.AuthenticationFeature.TeacherLoginTest"},{"name":"testClass","value":"testscripts.regression.teacherlogin.AuthenticationFeature.TeacherLoginTest"},{"name":"testMethod","value":"beforeClass"},{"name":"parentSuite","value":"Default Suite"},{"name":"suite","value":"CK12Automation"},{"name":"subSuite","value":"testscripts.regression.teacherlogin.AuthenticationFeature.TeacherLoginTest"},{"name":"host","value":"DESKTOP-3BQS32E"},{"name":"thread","value":"2236@DESKTOP-3BQS32E.main(1)"},{"name":"framework","value":"testng"},{"name":"language","value":"java"}],"links":[]}